build/app/intermediates/manifest_merge_blame_file/debug/manifest-merger-blame-debug-report.txt
1<?xml version="1.0" encoding="utf-8"?>
2<manifest xmlns:android="http://schemas.android.com/apk/res/android"
3    package="com.mangesh.somras"
4    android:versionCode="1"
5    android:versionName="1.0.0" >
6
7    <uses-sdk
8        android:minSdkVersion="16"
9        android:targetSdkVersion="28" />
10    <!--
11         Flutter needs it to communicate with the running application
12         to allow setting breakpoints, to provide hot reload, etc.
13    -->
14    <uses-permission android:name="android.permission.INTERNET" />
14-->src/debug/AndroidManifest.xml:6:5-66
14-->src/debug/AndroidManifest.xml:6:22-64
15    <!--
16     io.flutter.app.FlutterApplication is an android.app.Application that
17         calls FlutterMain.startInitialization(this); in its onCreate method.
18         In most cases you can leave this as-is, but you if you want to provide
19         additional functionality it is fine to subclass or reimplement
20         FlutterApplication and put your custom class here.
21    -->
22    <uses-permission android:name="android.permission.CAMERA" />
22-->src/main/AndroidManifest.xml:8:5-65
22-->src/main/AndroidManifest.xml:8:22-62
23    <uses-permission android:name="android.permission.WRITE_EXTERNAL_STORAGE" />
23-->src/main/AndroidManifest.xml:9:5-80
23-->src/main/AndroidManifest.xml:9:22-78
24    <uses-permission android:name="android.permission.READ_EXTERNAL_STORAGE" />
24-->src/main/AndroidManifest.xml:10:5-79
24-->src/main/AndroidManifest.xml:10:22-77
25    <uses-permission android:name="android.permission.VIBRATE" />
25-->[:qrscan] AndroidManifest.xml:8:5-66
25-->[:qrscan] AndroidManifest.xml:8:22-63
26    <uses-permission android:name="android.permission.FLASHLIGHT" />
26-->[:qrscan] AndroidManifest.xml:9:5-69
26-->[:qrscan] AndroidManifest.xml:9:22-66
27
28    <uses-feature android:name="android.hardware.camera" />
28-->[:qrscan] AndroidManifest.xml:11:5-60
28-->[:qrscan] AndroidManifest.xml:11:19-57
29    <uses-feature android:name="android.hardware.camera.autofocus" />
29-->[:qrscan] AndroidManifest.xml:12:5-70
29-->[:qrscan] AndroidManifest.xml:12:19-67
30
31    <uses-permission android:name="android.permission.WAKE_LOCK" />
31-->[:qrscan] AndroidManifest.xml:14:5-68
31-->[:qrscan] AndroidManifest.xml:14:22-65
32
33    <application
33-->src/main/AndroidManifest.xml:12:5-50:19
34        android:name="io.flutter.app.FlutterApplication"
34-->src/main/AndroidManifest.xml:13:9-57
35        android:allowBackup="true"
35-->[:qrscan] AndroidManifest.xml:20:9-35
36        android:appComponentFactory="androidx.core.app.CoreComponentFactory"
36-->[androidx.core:core:1.1.0] AndroidManifest.xml:24:18-86
37        android:configChanges="orientation|keyboardHidden"
37-->[:qrscan] AndroidManifest.xml:21:9-59
38        android:debuggable="true"
39        android:icon="@mipmap/ic_launcher"
39-->src/main/AndroidManifest.xml:15:9-43
40        android:label="Somras"
40-->src/main/AndroidManifest.xml:14:9-31
41        android:screenOrientation="portrait"
41-->[:qrscan] AndroidManifest.xml:23:9-45
42        android:supportsRtl="true"
42-->[:qrscan] AndroidManifest.xml:24:9-35
43        android:theme="@style/Theme.AppCompat.NoActionBar"
43-->[:qrscan] AndroidManifest.xml:25:9-59
44        android:windowSoftInputMode="stateAlwaysHidden" >
44-->[:qrscan] AndroidManifest.xml:26:9-56
45        <activity
45-->src/main/AndroidManifest.xml:16:9-44:20
46            android:name="com.mangesh.somras.MainActivity"
46-->src/main/AndroidManifest.xml:17:13-41
47            android:configChanges="orientation|keyboardHidden|keyboard|screenSize|smallestScreenSize|locale|layoutDirection|fontScale|screenLayout|density|uiMode"
47-->src/main/AndroidManifest.xml:20:13-163
48            android:hardwareAccelerated="true"
48-->src/main/AndroidManifest.xml:21:13-47
49            android:launchMode="singleTop"
49-->src/main/AndroidManifest.xml:18:13-43
50            android:theme="@style/LaunchTheme"
50-->src/main/AndroidManifest.xml:19:13-47
51            android:windowSoftInputMode="adjustResize" >
51-->src/main/AndroidManifest.xml:22:13-55
52
53            <!--
54                 Specifies an Android theme to apply to this Activity as soon as
55                 the Android process has started. This theme is visible to the user
56                 while the Flutter UI initializes. After that, this theme continues
57                 to determine the Window background behind the Flutter UI.
58            -->
59            <meta-data
59-->src/main/AndroidManifest.xml:27:13-30:17
60                android:name="io.flutter.embedding.android.NormalTheme"
60-->src/main/AndroidManifest.xml:28:15-70
61                android:resource="@style/NormalTheme" />
61-->src/main/AndroidManifest.xml:29:15-52
62            <!--
63                 Displays an Android View that continues showing the launch screen
64                 Drawable until Flutter paints its first frame, then this splash
65                 screen fades out. A splash screen is useful to avoid any visual
66                 gap between the end of Android's launch screen and the painting of
67                 Flutter's first frame.
68            -->
69            <meta-data
69-->src/main/AndroidManifest.xml:36:13-39:17
70                android:name="io.flutter.embedding.android.SplashScreenDrawable"
70-->src/main/AndroidManifest.xml:37:15-79
71                android:resource="@drawable/launch_background" />
71-->src/main/AndroidManifest.xml:38:15-61
72
73            <intent-filter>
73-->src/main/AndroidManifest.xml:40:13-43:29
74                <action android:name="android.intent.action.MAIN" />
74-->src/main/AndroidManifest.xml:41:17-68
74-->src/main/AndroidManifest.xml:41:25-66
75
76                <category android:name="android.intent.category.LAUNCHER" />
76-->src/main/AndroidManifest.xml:42:17-76
76-->src/main/AndroidManifest.xml:42:27-74
77            </intent-filter>
78        </activity>
79        <!--
80             Don't delete the meta-data below.
81             This is used by the Flutter tool to generate GeneratedPluginRegistrant.java
82        -->
83        <meta-data
83-->src/main/AndroidManifest.xml:47:9-49:33
84            android:name="flutterEmbedding"
84-->src/main/AndroidManifest.xml:48:13-44
85            android:value="2" />
85-->src/main/AndroidManifest.xml:49:13-30
86
87        <activity android:name="com.shinow.qrscan.SecondActivity" />
87-->[:qrscan] AndroidManifest.xml:27:9-69
87-->[:qrscan] AndroidManifest.xml:27:19-66
88
89        <provider
89-->[:image_picker] AndroidManifest.xml:11:9-19:20
90            android:name="io.flutter.plugins.imagepicker.ImagePickerFileProvider"
90-->[:image_picker] AndroidManifest.xml:12:13-82
91            android:authorities="com.mangesh.somras.flutter.image_provider"
91-->[:image_picker] AndroidManifest.xml:13:13-74
92            android:exported="false"
92-->[:image_picker] AndroidManifest.xml:14:13-37
93            android:grantUriPermissions="true" >
93-->[:image_picker] AndroidManifest.xml:15:13-47
94            <meta-data
94-->[:image_picker] AndroidManifest.xml:16:13-18:75
95                android:name="android.support.FILE_PROVIDER_PATHS"
95-->[:image_picker] AndroidManifest.xml:17:17-67
96                android:resource="@xml/flutter_image_picker_file_paths" />
96-->[:image_picker] AndroidManifest.xml:18:17-72
97        </provider>
98
99        <activity
99-->[com.github.leyan95:android-zxingLibrary:0.1.2-PRE] AndroidManifest.xml:14:9-19:63
100            android:name="com.uuzuche.lib_zxing.activity.CaptureActivity"
100-->[com.github.leyan95:android-zxingLibrary:0.1.2-PRE] AndroidManifest.xml:15:13-74
101            android:configChanges="orientation|keyboardHidden"
101-->[com.github.leyan95:android-zxingLibrary:0.1.2-PRE] AndroidManifest.xml:16:13-63
102            android:screenOrientation="portrait"
102-->[com.github.leyan95:android-zxingLibrary:0.1.2-PRE] AndroidManifest.xml:17:13-49
103            android:theme="@style/Theme.AppCompat.NoActionBar"
103-->[com.github.leyan95:android-zxingLibrary:0.1.2-PRE] AndroidManifest.xml:18:13-63
104            android:windowSoftInputMode="stateAlwaysHidden" />
104-->[com.github.leyan95:android-zxingLibrary:0.1.2-PRE] AndroidManifest.xml:19:13-60
105
106        <provider
106-->[com.squareup.picasso:picasso:2.71828] AndroidManifest.xml:8:9-11:40
107            android:name="com.squareup.picasso.PicassoProvider"
107-->[com.squareup.picasso:picasso:2.71828] AndroidManifest.xml:9:13-64
108            android:authorities="com.mangesh.somras.com.squareup.picasso"
108-->[com.squareup.picasso:picasso:2.71828] AndroidManifest.xml:10:13-72
109            android:exported="false" />
109-->[com.squareup.picasso:picasso:2.71828] AndroidManifest.xml:11:13-37
110    </application>
111
112</manifest>